current directory: /Users/hiroshi/break/vendor/bundle/ruby/2.4.0/gems/redcarpet-2.3.0/ext/redcarpet
/Users/hiroshi/.rbenv/versions/2.4.0/bin/ruby -r ./siteconf20191014-88602-12vju9q.rb extconf.rb
creating Makefile

current directory: /Users/hiroshi/break/vendor/bundle/ruby/2.4.0/gems/redcarpet-2.3.0/ext/redcarpet
make "DESTDIR=" clean

current directory: /Users/hiroshi/break/vendor/bundle/ruby/2.4.0/gems/redcarpet-2.3.0/ext/redcarpet
make "DESTDIR="
compiling autolink.c
compiling buffer.c
compiling houdini_href_e.c
compiling houdini_html_e.c
compiling html.c
compiling html_smartypants.c
compiling markdown.c
compiling rc_markdown.c
compiling rc_render.c
compiling stack.c
linking shared-object redcarpet.bundle

current directory: /Users/hiroshi/break/vendor/bundle/ruby/2.4.0/gems/redcarpet-2.3.0/ext/redcarpet
make "DESTDIR=" install
/usr/bin/install -c -m 0755 redcarpet.bundle ./.gem.20191014-88602-at10ee
