current directory: /Users/hiroshi/break/vendor/bundle/ruby/2.4.0/gems/mysql2-0.3.18/ext/mysql2
/Users/hiroshi/.rbenv/versions/2.4.0/bin/ruby -r ./siteconf20191013-87941-1bkvu2s.rb extconf.rb
checking for ruby/thread.h... yes
checking for rb_thread_call_without_gvl() in ruby/thread.h... yes
checking for rb_thread_blocking_region()... no
checking for rb_wait_for_single_fd()... yes
checking for rb_hash_dup()... yes
checking for rb_intern3()... yes
-----
Using mysql_config at /usr/local/opt/mysql@5.7/bin/mysql_config
-----
checking for mysql.h... yes
checking for errmsg.h... yes
checking for mysqld_error.h... yes
-----
Don't know how to set rpath on your system, if MySQL libraries are not in path mysql2 may not load
-----
-----
Setting libpath to /usr/local/opt/mysql@5.7/lib
-----
creating Makefile

To see why this extension failed to compile, please check the mkmf.log which can be found here:

  /Users/hiroshi/break/vendor/bundle/ruby/2.4.0/extensions/x86_64-darwin-16/2.4.0-static/mysql2-0.3.18/mkmf.log

current directory: /Users/hiroshi/break/vendor/bundle/ruby/2.4.0/gems/mysql2-0.3.18/ext/mysql2
make "DESTDIR=" clean

current directory: /Users/hiroshi/break/vendor/bundle/ruby/2.4.0/gems/mysql2-0.3.18/ext/mysql2
make "DESTDIR="
compiling client.c
compiling infile.c
compiling mysql2_ext.c
compiling result.c
linking shared-object mysql2/mysql2.bundle
ld: library not found for -lssl
clang: error: linker command failed with exit code 1 (use -v to see invocation)
make: *** [mysql2.bundle] Error 1

make failed, exit code 2
